[ 2017-08-11T10:58:53+08:00 ] 125.76.183.224 /ldw/index.php/Public/bg.jpg
INFO: [ app_init ] --START--
INFO: Run Behavior\BuildLiteBehavior [ RunTime:0.000024s ]
INFO: [ app_init ] --END-- [ RunTime:0.000566s ]
ERR: 无法加载模块:Public

[ 2017-08-11T10:58:54+08:00 ] 125.76.183.224 /ldw/index.php/Public/bg.jpg
INFO: [ app_init ] --START--
INFO: Run Behavior\BuildLiteBehavior [ RunTime:0.000018s ]
INFO: [ app_init ] --END-- [ RunTime:0.000437s ]
ERR: 无法加载模块:Public

[ 2017-08-11T11:00:44+08:00 ] 125.76.183.224 /ldw/index.php/Public/bg.jpg
INFO: [ app_init ] --START--
INFO: Run Behavior\BuildLiteBehavior [ RunTime:0.000019s ]
INFO: [ app_init ] --END-- [ RunTime:0.000459s ]
ERR: 无法加载模块:Public

[ 2017-08-11T11:04:33+08:00 ] 125.76.183.224 /ldw/index.php/Public/bg.jpg
INFO: [ app_init ] --START--
INFO: Run Behavior\BuildLiteBehavior [ RunTime:0.000018s ]
INFO: [ app_init ] --END-- [ RunTime:0.000446s ]
ERR: 无法加载模块:Public

[ 2017-08-11T12:26:11+08:00 ] 125.76.183.224 /ldw/images/icon_nav_button.png
INFO: [ app_init ] --START--
INFO: Run Behavior\BuildLiteBehavior [ RunTime:0.000019s ]
INFO: [ app_init ] --END-- [ RunTime:0.000435s ]
ERR: 无法加载模块:Icon_nav_button

[ 2017-08-11T12:26:11+08:00 ] 125.76.183.224 /ldw/images/icon_nav_cell.png
INFO: [ app_init ] --START--
INFO: Run Behavior\BuildLiteBehavior [ RunTime:0.000017s ]
INFO: [ app_init ] --END-- [ RunTime:0.000425s ]
ERR: 无法加载模块:Icon_nav_cell

[ 2017-08-11T12:26:11+08:00 ] 125.76.183.224 /ldw/images/icon_nav_toast.png
INFO: [ app_init ] --START--
INFO: Run Behavior\BuildLiteBehavior [ RunTime:0.000020s ]
INFO: [ app_init ] --END-- [ RunTime:0.000453s ]
ERR: 无法加载模块:Icon_nav_toast

[ 2017-08-11T12:26:11+08:00 ] 125.76.183.224 /ldw/images/icon_nav_dialog.png
INFO: [ app_init ] --START--
INFO: Run Behavior\BuildLiteBehavior [ RunTime:0.000016s ]
INFO: [ app_init ] --END-- [ RunTime:0.000528s ]
ERR: 无法加载模块:Icon_nav_dialog

[ 2017-08-11T12:26:11+08:00 ] 125.76.183.224 /ldw/images/icon_nav_progress.png
INFO: [ app_init ] --START--
INFO: Run Behavior\BuildLiteBehavior [ RunTime:0.000019s ]
INFO: [ app_init ] --END-- [ RunTime:0.000439s ]
ERR: 无法加载模块:Icon_nav_progress

[ 2017-08-11T12:26:11+08:00 ] 125.76.183.224 /ldw/images/icon_nav_msg.png
INFO: [ app_init ] --START--
INFO: Run Behavior\BuildLiteBehavior [ RunTime:0.000013s ]
INFO: [ app_init ] --END-- [ RunTime:0.000395s ]
ERR: 无法加载模块:Icon_nav_msg

[ 2017-08-11T12:26:12+08:00 ] 125.76.183.224 /ldw/images/icon_nav_article.png
INFO: [ app_init ] --START--
INFO: Run Behavior\BuildLiteBehavior [ RunTime:0.000015s ]
INFO: [ app_init ] --END-- [ RunTime:0.000403s ]
ERR: 无法加载模块:Icon_nav_article

[ 2017-08-11T12:27:45+08:00 ] 125.76.183.224 /ldw/images/icon_nav_button.png
INFO: [ app_init ] --START--
INFO: Run Behavior\BuildLiteBehavior [ RunTime:0.000028s ]
INFO: [ app_init ] --END-- [ RunTime:0.000532s ]
ERR: 无法加载模块:Icon_nav_button

[ 2017-08-11T12:27:45+08:00 ] 125.76.183.224 /ldw/images/icon_nav_cell.png
INFO: [ app_init ] --START--
INFO: Run Behavior\BuildLiteBehavior [ RunTime:0.000017s ]
INFO: [ app_init ] --END-- [ RunTime:0.000415s ]
ERR: 无法加载模块:Icon_nav_cell

[ 2017-08-11T12:27:45+08:00 ] 125.76.183.224 /ldw/images/icon_nav_toast.png
INFO: [ app_init ] --START--
INFO: Run Behavior\BuildLiteBehavior [ RunTime:0.000017s ]
INFO: [ app_init ] --END-- [ RunTime:0.000485s ]
ERR: 无法加载模块:Icon_nav_toast

[ 2017-08-11T12:27:45+08:00 ] 125.76.183.224 /ldw/images/icon_nav_msg.png
INFO: [ app_init ] --START--
INFO: Run Behavior\BuildLiteBehavior [ RunTime:0.000014s ]
INFO: [ app_init ] --END-- [ RunTime:0.000436s ]
ERR: 无法加载模块:Icon_nav_msg

[ 2017-08-11T12:27:45+08:00 ] 125.76.183.224 /ldw/images/icon_nav_dialog.png
INFO: [ app_init ] --START--
INFO: Run Behavior\BuildLiteBehavior [ RunTime:0.000018s ]
INFO: [ app_init ] --END-- [ RunTime:0.000993s ]
ERR: 无法加载模块:Icon_nav_dialog

[ 2017-08-11T12:27:45+08:00 ] 125.76.183.224 /ldw/images/icon_nav_progress.png
INFO: [ app_init ] --START--
INFO: Run Behavior\BuildLiteBehavior [ RunTime:0.000017s ]
INFO: [ app_init ] --END-- [ RunTime:0.000409s ]
ERR: 无法加载模块:Icon_nav_progress

[ 2017-08-11T12:27:45+08:00 ] 125.76.183.224 /ldw/images/icon_nav_article.png
INFO: [ app_init ] --START--
INFO: Run Behavior\BuildLiteBehavior [ RunTime:0.000018s ]
INFO: [ app_init ] --END-- [ RunTime:0.000480s ]
ERR: 无法加载模块:Icon_nav_article

[ 2017-08-11T12:33:07+08:00 ] 125.76.183.224 /ldw/images/icon_nav_toast.png
INFO: [ app_init ] --START--
INFO: Run Behavior\BuildLiteBehavior [ RunTime:0.000016s ]
INFO: [ app_init ] --END-- [ RunTime:0.000538s ]
ERR: 无法加载模块:Icon_nav_toast

[ 2017-08-11T12:33:07+08:00 ] 125.76.183.224 /ldw/images/icon_nav_cell.png
INFO: [ app_init ] --START--
INFO: Run Behavior\BuildLiteBehavior [ RunTime:0.000016s ]
INFO: [ app_init ] --END-- [ RunTime:0.000606s ]
ERR: 无法加载模块:Icon_nav_cell

[ 2017-08-11T12:33:07+08:00 ] 125.76.183.224 /ldw/images/icon_nav_dialog.png
INFO: [ app_init ] --START--
INFO: Run Behavior\BuildLiteBehavior [ RunTime:0.000019s ]
INFO: [ app_init ] --END-- [ RunTime:0.000474s ]
ERR: 无法加载模块:Icon_nav_dialog

[ 2017-08-11T12:33:07+08:00 ] 125.76.183.224 /ldw/images/icon_nav_progress.png
INFO: [ app_init ] --START--
INFO: Run Behavior\BuildLiteBehavior [ RunTime:0.000014s ]
INFO: [ app_init ] --END-- [ RunTime:0.000409s ]
ERR: 无法加载模块:Icon_nav_progress

[ 2017-08-11T12:33:08+08:00 ] 125.76.183.224 /ldw/images/icon_nav_msg.png
INFO: [ app_init ] --START--
INFO: Run Behavior\BuildLiteBehavior [ RunTime:0.000017s ]
INFO: [ app_init ] --END-- [ RunTime:0.000439s ]
ERR: 无法加载模块:Icon_nav_msg

[ 2017-08-11T12:33:08+08:00 ] 125.76.183.224 /ldw/images/icon_nav_article.png
INFO: [ app_init ] --START--
INFO: Run Behavior\BuildLiteBehavior [ RunTime:0.000017s ]
INFO: [ app_init ] --END-- [ RunTime:0.000419s ]
ERR: 无法加载模块:Icon_nav_article

[ 2017-08-11T12:36:03+08:00 ] 125.76.183.224 /ldw/images/icon_nav_cell.png
INFO: [ app_init ] --START--
INFO: Run Behavior\BuildLiteBehavior [ RunTime:0.000018s ]
INFO: [ app_init ] --END-- [ RunTime:0.000523s ]
ERR: 无法加载模块:Icon_nav_cell

[ 2017-08-11T12:36:03+08:00 ] 125.76.183.224 /ldw/images/icon_nav_toast.png
INFO: [ app_init ] --START--
INFO: Run Behavior\BuildLiteBehavior [ RunTime:0.000014s ]
INFO: [ app_init ] --END-- [ RunTime:0.000532s ]
ERR: 无法加载模块:Icon_nav_toast

[ 2017-08-11T12:36:03+08:00 ] 125.76.183.224 /ldw/images/icon_nav_dialog.png
INFO: [ app_init ] --START--
INFO: Run Behavior\BuildLiteBehavior [ RunTime:0.000017s ]
INFO: [ app_init ] --END-- [ RunTime:0.000446s ]
ERR: 无法加载模块:Icon_nav_dialog

[ 2017-08-11T12:36:03+08:00 ] 125.76.183.224 /ldw/images/icon_nav_progress.png
INFO: [ app_init ] --START--
INFO: Run Behavior\BuildLiteBehavior [ RunTime:0.000018s ]
INFO: [ app_init ] --END-- [ RunTime:0.000449s ]
ERR: 无法加载模块:Icon_nav_progress

[ 2017-08-11T12:36:04+08:00 ] 125.76.183.224 /ldw/images/icon_nav_article.png
INFO: [ app_init ] --START--
INFO: Run Behavior\BuildLiteBehavior [ RunTime:0.000017s ]
INFO: [ app_init ] --END-- [ RunTime:0.000447s ]
ERR: 无法加载模块:Icon_nav_article

[ 2017-08-11T12:36:04+08:00 ] 125.76.183.224 /ldw/images/icon_nav_msg.png
INFO: [ app_init ] --START--
INFO: Run Behavior\BuildLiteBehavior [ RunTime:0.000013s ]
INFO: [ app_init ] --END-- [ RunTime:0.000399s ]
ERR: 无法加载模块:Icon_nav_msg

[ 2017-08-11T12:36:35+08:00 ] 125.76.183.224 /ldw/images/icon_nav_cell.png
INFO: [ app_init ] --START--
INFO: Run Behavior\BuildLiteBehavior [ RunTime:0.000017s ]
INFO: [ app_init ] --END-- [ RunTime:0.000430s ]
ERR: 无法加载模块:Icon_nav_cell

[ 2017-08-11T12:36:35+08:00 ] 125.76.183.224 /ldw/images/icon_nav_toast.png
INFO: [ app_init ] --START--
INFO: Run Behavior\BuildLiteBehavior [ RunTime:0.000015s ]
INFO: [ app_init ] --END-- [ RunTime:0.000393s ]
ERR: 无法加载模块:Icon_nav_toast

[ 2017-08-11T12:36:35+08:00 ] 125.76.183.224 /ldw/images/icon_nav_dialog.png
INFO: [ app_init ] --START--
INFO: Run Behavior\BuildLiteBehavior [ RunTime:0.000013s ]
INFO: [ app_init ] --END-- [ RunTime:0.000417s ]
ERR: 无法加载模块:Icon_nav_dialog

[ 2017-08-11T12:36:35+08:00 ] 125.76.183.224 /ldw/images/icon_nav_progress.png
INFO: [ app_init ] --START--
INFO: Run Behavior\BuildLiteBehavior [ RunTime:0.000020s ]
INFO: [ app_init ] --END-- [ RunTime:0.000452s ]
ERR: 无法加载模块:Icon_nav_progress

[ 2017-08-11T12:36:35+08:00 ] 125.76.183.224 /ldw/images/icon_nav_msg.png
INFO: [ app_init ] --START--
INFO: Run Behavior\BuildLiteBehavior [ RunTime:0.000015s ]
INFO: [ app_init ] --END-- [ RunTime:0.000418s ]
ERR: 无法加载模块:Icon_nav_msg

[ 2017-08-11T12:36:35+08:00 ] 125.76.183.224 /ldw/images/icon_nav_article.png
INFO: [ app_init ] --START--
INFO: Run Behavior\BuildLiteBehavior [ RunTime:0.000015s ]
INFO: [ app_init ] --END-- [ RunTime:0.000421s ]
ERR: 无法加载模块:Icon_nav_article

[ 2017-08-11T12:36:47+08:00 ] 125.76.183.224 /ldw/images/icon_nav_cell.png
INFO: [ app_init ] --START--
INFO: Run Behavior\BuildLiteBehavior [ RunTime:0.000019s ]
INFO: [ app_init ] --END-- [ RunTime:0.000470s ]
ERR: 无法加载模块:Icon_nav_cell

[ 2017-08-11T12:36:47+08:00 ] 125.76.183.224 /ldw/images/icon_nav_toast.png
INFO: [ app_init ] --START--
INFO: Run Behavior\BuildLiteBehavior [ RunTime:0.000053s ]
INFO: [ app_init ] --END-- [ RunTime:0.000472s ]
ERR: 无法加载模块:Icon_nav_toast

[ 2017-08-11T12:36:47+08:00 ] 125.76.183.224 /ldw/images/icon_nav_dialog.png
INFO: [ app_init ] --START--
INFO: Run Behavior\BuildLiteBehavior [ RunTime:0.000015s ]
INFO: [ app_init ] --END-- [ RunTime:0.000401s ]
ERR: 无法加载模块:Icon_nav_dialog

[ 2017-08-11T12:36:47+08:00 ] 125.76.183.224 /ldw/images/icon_nav_article.png
INFO: [ app_init ] --START--
INFO: Run Behavior\BuildLiteBehavior [ RunTime:0.000020s ]
INFO: [ app_init ] --END-- [ RunTime:0.000493s ]
ERR: 无法加载模块:Icon_nav_article

[ 2017-08-11T12:36:47+08:00 ] 125.76.183.224 /ldw/images/icon_nav_progress.png
INFO: [ app_init ] --START--
INFO: Run Behavior\BuildLiteBehavior [ RunTime:0.000013s ]
INFO: [ app_init ] --END-- [ RunTime:0.000427s ]
ERR: 无法加载模块:Icon_nav_progress

[ 2017-08-11T12:36:47+08:00 ] 125.76.183.224 /ldw/images/icon_nav_msg.png
INFO: [ app_init ] --START--
INFO: Run Behavior\BuildLiteBehavior [ RunTime:0.000014s ]
INFO: [ app_init ] --END-- [ RunTime:0.000417s ]
ERR: 无法加载模块:Icon_nav_msg

[ 2017-08-11T19:13:01+08:00 ] 125.76.181.111 /ldw/index.php/index
INFO: [ app_init ] --START--
INFO: Run Behavior\BuildLiteBehavior [ RunTime:0.000024s ]
INFO: [ app_init ] --END-- [ RunTime:0.000574s ]
ERR: 无法加载模块:Index

